<?xml version="1.0" encoding="UTF-8"?>
<testsuite name="TestItems" tests="1" skipped="0" failures="0" errors="0" timestamp="2022-04-12T18:22:12" hostname="CTNB003182" time="5.52">
  <properties/>
  <testcase name="items()" classname="TestItems" time="5.52"/>
  <system-out><![CDATA[NEW
Green Duck
ACME Corp.
$20SALE
Yellow Duck
ACME Corp.
$20 $18NEW
Red Duck
ACME Corp.
$20NEW
Purple Duck
ACME Corp.
$0NEW
Blue Duck
ACME Corp.
$20SALE
Yellow Duck
ACME Corp.
$20 $18SALE
Yellow Duck
ACME Corp.
$20 $18NEW
Green Duck
ACME Corp.
$20NEW
Red Duck
ACME Corp.
$20NEW
Blue Duck
ACME Corp.
$20NEW
Purple Duck
ACME Corp.
$0]]></system-out>
  <system-err><![CDATA[SLF4J: Failed to load class "org.slf4j.impl.StaticLoggerBinder".
SLF4J: Defaulting to no-operation (NOP) logger implementation
SLF4J: See http://www.slf4j.org/codes.html#StaticLoggerBinder for further details.
Starting ChromeDriver 100.0.4896.60 (6a5d10861ce8de5fce22564658033b43cb7de047-refs/branch-heads/4896@{#875}) on port 57023
Only local connections are allowed.
Please see https://chromedriver.chromium.org/security-considerations for suggestions on keeping ChromeDriver safe.
ChromeDriver was started successfully.
апр 12, 2022 9:22:15 PM org.openqa.selenium.remote.ProtocolHandshake createSession
INFO: Detected dialect: W3C
апр 12, 2022 9:22:15 PM org.openqa.selenium.devtools.CdpVersionFinder findNearestMatch
WARNING: Unable to find an exact match for CDP version 100, so returning the closest version found: 99
апр 12, 2022 9:22:15 PM org.openqa.selenium.devtools.CdpVersionFinder findNearestMatch
INFO: Found CDP implementation for version 100 of 99
]]></system-err>
</testsuite>
